INFO:root:Activity Extraction Started for github-linguist.
INFO:root:Project github-linguist/linguist Started Activities Extraction. 1 of 7
INFO:root:Starting Issue/PullRequests Extraction
INFO:root:Pulls Extraction Complete
INFO:root:Commit Extraction COMPLETE for 1 of 7 Side Projects
INFO:root:Project github-linguist/language-babel Started Activities Extraction. 2 of 7
INFO:root:Starting Issue/PullRequests Extraction
INFO:root:Pulls Extraction Complete
INFO:root:Commit Extraction COMPLETE for 2 of 7 Side Projects
INFO:root:Project github-linguist/sublime-sourcepawn Started Activities Extraction. 3 of 7
INFO:root:Starting Issue/PullRequests Extraction
INFO:root:Pulls Extraction Complete
INFO:root:Commit Extraction COMPLETE for 3 of 7 Side Projects
INFO:root:Project github-linguist/awk-sublime Started Activities Extraction. 4 of 7
INFO:root:Starting Issue/PullRequests Extraction
INFO:root:Pulls Extraction Complete
INFO:root:Commit Extraction COMPLETE for 4 of 7 Side Projects
INFO:root:Project github-linguist/NSIS Started Activities Extraction. 5 of 7
INFO:root:Starting Issue/PullRequests Extraction
INFO:root:Pulls Extraction Complete
INFO:root:Commit Extraction COMPLETE for 5 of 7 Side Projects
INFO:root:Project github-linguist/babel-sublime Started Activities Extraction. 6 of 7
INFO:root:Starting Issue/PullRequests Extraction
INFO:root:Pulls Extraction Complete
INFO:root:Commit Extraction COMPLETE for 6 of 7 Side Projects
INFO:root:Project github-linguist/razor-plus Started Activities Extraction. 7 of 7
INFO:root:Starting Issue/PullRequests Extraction
INFO:root:Pulls Extraction Complete
INFO:root:Commit Extraction COMPLETE for 7 of 7 Side Projects
INFO:root:Commit Extraction SUCCESSFULLY COMPLETED
