Dockerfile;.devcontainer/Dockerfile
Dockerfile;Dockerfile
Dockerfile;tools/grammars/Dockerfile
Shell;.devcontainer/onCreateCommand.sh
Shell;script/add-grammar
Shell;script/bootstrap
Shell;script/build-grammars-tarball
Shell;script/cibuild
Shell;script/grammar-compiler
Shell;tools/grammars/docker/build
Ruby;Brewfile
Ruby;Gemfile
Ruby;Rakefile
Ruby;bin/git-linguist
Ruby;bin/github-linguist
Ruby;ext/linguist/extconf.rb
Ruby;github-linguist.gemspec
Ruby;lib/linguist.rb
Ruby;lib/linguist/blob.rb
Ruby;lib/linguist/blob_helper.rb
Ruby;lib/linguist/classifier.rb
Ruby;lib/linguist/file_blob.rb
Ruby;lib/linguist/generated.rb
Ruby;lib/linguist/grammars.rb
Ruby;lib/linguist/heuristics.rb
Ruby;lib/linguist/language.rb
Ruby;lib/linguist/lazy_blob.rb
Ruby;lib/linguist/repository.rb
Ruby;lib/linguist/samples.rb
Ruby;lib/linguist/sha256.rb
Ruby;lib/linguist/shebang.rb
Ruby;lib/linguist/strategy/extension.rb
Ruby;lib/linguist/strategy/filename.rb
Ruby;lib/linguist/strategy/manpage.rb
Ruby;lib/linguist/strategy/modeline.rb
Ruby;lib/linguist/strategy/xml.rb
Ruby;lib/linguist/tokenizer.rb
Ruby;lib/linguist/version.rb
Ruby;script/cross-validation
Ruby;script/fast-submodule-update
Ruby;script/list-grammars
Ruby;script/normalise-url
Ruby;script/sort-submodules
Ruby;script/update-ids
Ruby;test/helper.rb
Ruby;test/test_blob.rb
Ruby;test/test_classifier.rb
Ruby;test/test_file_blob.rb
Ruby;test/test_generated.rb
Ruby;test/test_grammars.rb
Ruby;test/test_heuristics.rb
Ruby;test/test_instrumentation.rb
Ruby;test/test_language.rb
Ruby;test/test_pedantic.rb
Ruby;test/test_repository.rb
Ruby;test/test_samples.rb
Ruby;test/test_sha256.rb
Ruby;test/test_strategies.rb
Ruby;test/test_tokenizer.rb
C;ext/linguist/lex.linguist_yy.c
C;ext/linguist/lex.linguist_yy.h
C;ext/linguist/linguist.c
Lex;ext/linguist/tokenizer.l
Go;tools/grammars/cmd/grammar-compiler/main.go
Go;tools/grammars/compiler/converter.go
Go;tools/grammars/compiler/cson.go
Go;tools/grammars/compiler/data.go
Go;tools/grammars/compiler/errors.go
Go;tools/grammars/compiler/loader.go
Go;tools/grammars/compiler/loader_fs.go
Go;tools/grammars/compiler/loader_url.go
Go;tools/grammars/compiler/pcre.go
Go;tools/grammars/compiler/pcre_test.go
Go;tools/grammars/compiler/proto.go
Go;tools/grammars/compiler/walker.go
Go;tools/grammars/pcre/pcre.go
