INFO:root:Commit Extraction Started for github.
INFO:root:Commit Extraction for linguist
INFO:root:Initializing Extraction
INFO:root:Starting New Extraction
INFO:root:Commit Extraction Complete
INFO:root:Start Writing Commit History Table for linguist
INFO:root:Commit History Table Written
INFO:root:Starting Inactivity Computation for linguist
INFO:root:Inactivity Computation Done
INFO:root:Commit Extraction for media
INFO:root:Initializing Extraction
INFO:root:Starting New Extraction
INFO:root:Commit Extraction Complete
INFO:root:Start Writing Commit History Table for media
INFO:root:Commit History Table Written
INFO:root:Starting Inactivity Computation for media
INFO:root:Inactivity Computation Done
INFO:root:Commit Extraction for albino
INFO:root:Initializing Extraction
INFO:root:Starting New Extraction
INFO:root:Commit Extraction Complete
INFO:root:Start Writing Commit History Table for albino
INFO:root:Commit History Table Written
INFO:root:Starting Inactivity Computation for albino
INFO:root:Inactivity Computation Done
INFO:root:Commit Extraction for hubahuba
INFO:root:Initializing Extraction
INFO:root:Starting New Extraction
INFO:root:Commit Extraction Complete
INFO:root:Start Writing Commit History Table for hubahuba
INFO:root:Commit History Table Written
INFO:root:Starting Inactivity Computation for hubahuba
INFO:root:Inactivity Computation Done
INFO:root:Commit Extraction for jquery-hotkeys
INFO:root:Initializing Extraction
INFO:root:Starting New Extraction
INFO:root:Commit Extraction Complete
INFO:root:Start Writing Commit History Table for jquery-hotkeys
INFO:root:Commit History Table Written
INFO:root:Starting Inactivity Computation for jquery-hotkeys
INFO:root:Inactivity Computation Done
INFO:root:Commit Extraction for jquery-relatize_date
INFO:root:Initializing Extraction
INFO:root:Starting New Extraction
INFO:root:Commit Extraction Complete
INFO:root:Start Writing Commit History Table for jquery-relatize_date
INFO:root:Commit History Table Written
INFO:root:Starting Inactivity Computation for jquery-relatize_date
INFO:root:Inactivity Computation Done
INFO:root:Commit Extraction for request_timer
INFO:root:Initializing Extraction
INFO:root:Starting New Extraction
INFO:root:Commit Extraction Complete
INFO:root:Start Writing Commit History Table for request_timer
INFO:root:Commit History Table Written
INFO:root:Starting Inactivity Computation for request_timer
INFO:root:Inactivity Computation Done
INFO:root:Commit Extraction for will_paginate_with_hotkeys
INFO:root:Initializing Extraction
INFO:root:Starting New Extraction
INFO:root:Commit Extraction Complete
INFO:root:Start Writing Commit History Table for will_paginate_with_hotkeys
INFO:root:Commit History Table Written
INFO:root:Starting Inactivity Computation for will_paginate_with_hotkeys
INFO:root:Inactivity Computation Done
INFO:root:Commit Extraction for gem-builder
INFO:root:Initializing Extraction
INFO:root:Starting New Extraction
INFO:root:Commit Extraction Complete
INFO:root:Start Writing Commit History Table for gem-builder
INFO:root:Commit History Table Written
INFO:root:Starting Inactivity Computation for gem-builder
INFO:root:Inactivity Computation Done
INFO:root:Commit Extraction for learn.github.com
INFO:root:Initializing Extraction
INFO:root:Starting New Extraction
INFO:root:Commit Extraction Complete
INFO:root:Start Writing Commit History Table for learn.github.com
INFO:root:Commit History Table Written
INFO:root:Starting Inactivity Computation for learn.github.com
INFO:root:Inactivity Computation Done
INFO:root:Commit Extraction for safegem
INFO:root:Initializing Extraction
INFO:root:Starting New Extraction
INFO:root:Commit Extraction Complete
INFO:root:Start Writing Commit History Table for safegem
INFO:root:Commit History Table Written
INFO:root:Starting Inactivity Computation for safegem
INFO:root:Inactivity Computation Done
INFO:root:Commit Extraction for develop.github.com
INFO:root:Initializing Extraction
INFO:root:Starting New Extraction
INFO:root:Commit Extraction Complete
INFO:root:Start Writing Commit History Table for develop.github.com
INFO:root:Commit History Table Written
INFO:root:Starting Inactivity Computation for develop.github.com
INFO:root:Inactivity Computation Done
INFO:root:Commit Extraction for version_sorter
INFO:root:Initializing Extraction
INFO:root:Starting New Extraction
INFO:root:Commit Extraction Complete
INFO:root:Start Writing Commit History Table for version_sorter
INFO:root:Commit History Table Written
INFO:root:Starting Inactivity Computation for version_sorter
INFO:root:Inactivity Computation Done
INFO:root:Commit Extraction for markup
INFO:root:Initializing Extraction
INFO:root:Starting New Extraction
INFO:root:Commit Extraction Complete
INFO:root:Start Writing Commit History Table for markup
INFO:root:Commit History Table Written
INFO:root:Starting Inactivity Computation for markup
INFO:root:Inactivity Computation Done
INFO:root:Commit Extraction for upload
INFO:root:Initializing Extraction
INFO:root:Starting New Extraction
INFO:root:Commit Extraction Complete
INFO:root:Start Writing Commit History Table for upload
INFO:root:Commit History Table Written
INFO:root:Starting Inactivity Computation for upload
INFO:root:Inactivity Computation Done
INFO:root:Commit Extraction for github-services
INFO:root:Initializing Extraction
INFO:root:Starting New Extraction
INFO:root:Commit Extraction Complete
INFO:root:Start Writing Commit History Table for github-services
INFO:root:Commit History Table Written
INFO:root:Starting Inactivity Computation for github-services
INFO:root:Inactivity Computation Done
INFO:root:Commit Extraction for gitcasts
INFO:root:Initializing Extraction
INFO:root:Starting New Extraction
INFO:root:Commit Extraction Complete
INFO:root:Start Writing Commit History Table for gitcasts
INFO:root:Commit History Table Written
INFO:root:Starting Inactivity Computation for gitcasts
INFO:root:Inactivity Computation Done
INFO:root:Commit Extraction for rails
INFO:root:Initializing Extraction
INFO:root:Starting New Extraction
INFO:root:Commit Extraction Complete
INFO:root:Start Writing Commit History Table for rails
INFO:root:Commit History Table Written
INFO:root:Starting Inactivity Computation for rails
INFO:root:Inactivity Computation Done
INFO:root:Commit Extraction for gitignore
INFO:root:Initializing Extraction
INFO:root:Starting New Extraction
INFO:root:Commit Extraction Complete
INFO:root:Start Writing Commit History Table for gitignore
INFO:root:Commit History Table Written
INFO:root:Starting Inactivity Computation for gitignore
INFO:root:Inactivity Computation Done
INFO:root:Commit Extraction for dmca
INFO:root:Initializing Extraction
INFO:root:Starting New Extraction
INFO:root:Commit Extraction Complete
INFO:root:Start Writing Commit History Table for dmca
INFO:root:Commit History Table Written
INFO:root:Starting Inactivity Computation for dmca
INFO:root:Inactivity Computation Done
INFO:root:Commit Extraction for pong
INFO:root:Initializing Extraction
INFO:root:Starting New Extraction
INFO:root:Commit Extraction Complete
INFO:root:No Commits for pong
INFO:root:Commit Extraction for pycon2011
INFO:root:Initializing Extraction
INFO:root:Starting New Extraction
INFO:root:Commit Extraction Complete
INFO:root:Start Writing Commit History Table for pycon2011
INFO:root:Commit History Table Written
INFO:root:Starting Inactivity Computation for pycon2011
INFO:root:Inactivity Computation Done
INFO:root:Commit Extraction for email_reply_parser
INFO:root:Initializing Extraction
INFO:root:Starting New Extraction
INFO:root:Commit Extraction Complete
INFO:root:Start Writing Commit History Table for email_reply_parser
INFO:root:Commit History Table Written
INFO:root:Starting Inactivity Computation for email_reply_parser
INFO:root:Inactivity Computation Done
INFO:root:Commit Extraction for developer.github.com
INFO:root:Initializing Extraction
INFO:root:Starting New Extraction
INFO:root:Commit Extraction Complete
INFO:root:Start Writing Commit History Table for developer.github.com
INFO:root:Commit History Table Written
INFO:root:Starting Inactivity Computation for developer.github.com
INFO:root:Inactivity Computation Done
INFO:root:Commit Extraction for ghterm
INFO:root:Initializing Extraction
INFO:root:Starting New Extraction
INFO:root:Commit Extraction Complete
INFO:root:Start Writing Commit History Table for ghterm
INFO:root:Commit History Table Written
INFO:root:Starting Inactivity Computation for ghterm
INFO:root:Inactivity Computation Done
INFO:root:Commit Extraction for testrepo
INFO:root:Initializing Extraction
INFO:root:Starting New Extraction
INFO:root:Commit Extraction Complete
INFO:root:Start Writing Commit History Table for testrepo
INFO:root:Commit History Table Written
INFO:root:Starting Inactivity Computation for testrepo
INFO:root:Inactivity Computation Done
INFO:root:Commit Extraction for node-statsd
INFO:root:Initializing Extraction
INFO:root:Starting New Extraction
INFO:root:Commit Extraction Complete
INFO:root:Start Writing Commit History Table for node-statsd
INFO:root:Commit History Table Written
INFO:root:Starting Inactivity Computation for node-statsd
INFO:root:Inactivity Computation Done
INFO:root:Commit Extraction for maven-plugins
INFO:root:Initializing Extraction
INFO:root:Starting New Extraction
INFO:root:Commit Extraction Complete
INFO:root:Start Writing Commit History Table for maven-plugins
INFO:root:Commit History Table Written
INFO:root:Starting Inactivity Computation for maven-plugins
INFO:root:Inactivity Computation Done
INFO:root:Commit Extraction for statsd-ruby
INFO:root:Initializing Extraction
INFO:root:Starting New Extraction
INFO:root:Commit Extraction Complete
INFO:root:Start Writing Commit History Table for statsd-ruby
INFO:root:Commit History Table Written
INFO:root:Starting Inactivity Computation for statsd-ruby
INFO:root:Inactivity Computation Done
INFO:root:Commit Extraction for grit
INFO:root:Initializing Extraction
INFO:root:Starting New Extraction
INFO:root:Commit Extraction Complete
INFO:root:Start Writing Commit History Table for grit
INFO:root:Commit History Table Written
INFO:root:Starting Inactivity Computation for grit
INFO:root:Inactivity Computation Done
INFO:root:Commit Extraction for hubot-scripts
INFO:root:Initializing Extraction
INFO:root:Starting New Extraction
INFO:root:Commit Extraction Complete
INFO:root:Start Writing Commit History Table for hubot-scripts
INFO:root:Commit History Table Written
INFO:root:Starting Inactivity Computation for hubot-scripts
INFO:root:Inactivity Computation Done
INFO:root:Commit Extraction for GitPad
INFO:root:Initializing Extraction
INFO:root:Starting New Extraction
INFO:root:Commit Extraction Complete
INFO:root:Start Writing Commit History Table for GitPad
INFO:root:Commit History Table Written
INFO:root:Starting Inactivity Computation for GitPad
INFO:root:Inactivity Computation Done
INFO:root:Commit Extraction for enterprise-ohai
INFO:root:Initializing Extraction
INFO:root:Starting New Extraction
INFO:root:Commit Extraction Complete
INFO:root:Start Writing Commit History Table for enterprise-ohai
INFO:root:Commit History Table Written
INFO:root:Starting Inactivity Computation for enterprise-ohai
INFO:root:Inactivity Computation Done
INFO:root:Commit Extraction for rack-statsd
INFO:root:Initializing Extraction
INFO:root:Starting New Extraction
INFO:root:Commit Extraction Complete
INFO:root:Start Writing Commit History Table for rack-statsd
INFO:root:Commit History Table Written
INFO:root:Starting Inactivity Computation for rack-statsd
INFO:root:Inactivity Computation Done
INFO:root:Commit Extraction for gemoji
INFO:root:Initializing Extraction
INFO:root:Starting New Extraction
INFO:root:Commit Extraction Complete
INFO:root:Start Writing Commit History Table for gemoji
INFO:root:Commit History Table Written
INFO:root:Starting Inactivity Computation for gemoji
INFO:root:Inactivity Computation Done
INFO:root:Commit Extraction for janky
INFO:root:Initializing Extraction
INFO:root:Starting New Extraction
INFO:root:Commit Extraction Complete
INFO:root:Start Writing Commit History Table for janky
INFO:root:Commit History Table Written
INFO:root:Starting Inactivity Computation for janky
INFO:root:Inactivity Computation Done
INFO:root:Commit Extraction for expecta
INFO:root:Initializing Extraction
INFO:root:Starting New Extraction
INFO:root:Commit Extraction Complete
INFO:root:Start Writing Commit History Table for expecta
INFO:root:Commit History Table Written
INFO:root:Starting Inactivity Computation for expecta
INFO:root:Inactivity Computation Done
INFO:root:Commit Extraction for gitscm-old
INFO:root:Initializing Extraction
INFO:root:Starting New Extraction
INFO:root:Commit Extraction Complete
INFO:root:No Commits for gitscm-old
INFO:root:Commit Extraction for twui
INFO:root:Initializing Extraction
INFO:root:Starting New Extraction
INFO:root:Commit Extraction Complete
INFO:root:Start Writing Commit History Table for twui
INFO:root:Commit History Table Written
INFO:root:Starting Inactivity Computation for twui
INFO:root:Inactivity Computation Done
INFO:root:Commit Extraction for tainted_hash
INFO:root:Initializing Extraction
INFO:root:Starting New Extraction
INFO:root:Commit Extraction Complete
INFO:root:Start Writing Commit History Table for tainted_hash
INFO:root:Commit History Table Written
INFO:root:Starting Inactivity Computation for tainted_hash
INFO:root:Inactivity Computation Done
INFO:root:Commit Extraction for GHKeyBrowser
INFO:root:Initializing Extraction
INFO:root:Starting New Extraction
INFO:root:Commit Extraction Complete
INFO:root:Start Writing Commit History Table for GHKeyBrowser
INFO:root:Commit History Table Written
INFO:root:Starting Inactivity Computation for GHKeyBrowser
INFO:root:Inactivity Computation Done
INFO:root:Commit Extraction for pagerduty-incident-webhooks
INFO:root:Initializing Extraction
INFO:root:Starting New Extraction
INFO:root:Commit Extraction Complete
INFO:root:Start Writing Commit History Table for pagerduty-incident-webhooks
INFO:root:Commit History Table Written
INFO:root:Starting Inactivity Computation for pagerduty-incident-webhooks
INFO:root:Inactivity Computation Done
INFO:root:Commit Extraction for msysgit
INFO:root:Initializing Extraction
INFO:root:Starting New Extraction
INFO:root:Commit Extraction Complete
INFO:root:Start Writing Commit History Table for msysgit
INFO:root:Commit History Table Written
INFO:root:Starting Inactivity Computation for msysgit
INFO:root:Inactivity Computation Done
INFO:root:Commit Extraction for rbenv-autohash
INFO:root:Initializing Extraction
INFO:root:Starting New Extraction
INFO:root:Commit Extraction Complete
INFO:root:Start Writing Commit History Table for rbenv-autohash
INFO:root:Commit History Table Written
INFO:root:Starting Inactivity Computation for rbenv-autohash
INFO:root:Inactivity Computation Done
INFO:root:Commit Extraction for RepoRepairTool
INFO:root:Initializing Extraction
INFO:root:Starting New Extraction
INFO:root:Commit Extraction Complete
INFO:root:Start Writing Commit History Table for RepoRepairTool
INFO:root:Commit History Table Written
INFO:root:Starting Inactivity Computation for RepoRepairTool
INFO:root:Inactivity Computation Done
INFO:root:Commit Extraction for ernicorn
INFO:root:Initializing Extraction
INFO:root:Starting New Extraction
INFO:root:Commit Extraction Complete
INFO:root:Start Writing Commit History Table for ernicorn
INFO:root:Commit History Table Written
INFO:root:Starting Inactivity Computation for ernicorn
INFO:root:Inactivity Computation Done
INFO:root:Commit Extraction for yard-sinatra
INFO:root:Initializing Extraction
INFO:root:Starting New Extraction
INFO:root:Commit Extraction Complete
INFO:root:Start Writing Commit History Table for yard-sinatra
INFO:root:Commit History Table Written
INFO:root:Starting Inactivity Computation for yard-sinatra
INFO:root:Inactivity Computation Done
INFO:root:Commit Extraction for game-off-2012
INFO:root:Initializing Extraction
INFO:root:Starting New Extraction
INFO:root:Commit Extraction Complete
INFO:root:Start Writing Commit History Table for game-off-2012
INFO:root:Commit History Table Written
INFO:root:Starting Inactivity Computation for game-off-2012
INFO:root:Inactivity Computation Done
INFO:root:Commit Extraction for swordfish
INFO:root:Initializing Extraction
INFO:root:Starting New Extraction
INFO:root:Commit Extraction Complete
INFO:root:Start Writing Commit History Table for swordfish
INFO:root:Commit History Table Written
INFO:root:Starting Inactivity Computation for swordfish
INFO:root:Inactivity Computation Done
INFO:root:Commit Extraction for Rebel
INFO:root:Initializing Extraction
INFO:root:Starting New Extraction
INFO:root:Commit Extraction Complete
INFO:root:Start Writing Commit History Table for Rebel
INFO:root:Commit History Table Written
INFO:root:Starting Inactivity Computation for Rebel
INFO:root:Inactivity Computation Done
INFO:root:Commit Extraction for training.github.com
INFO:root:Initializing Extraction
INFO:root:Starting New Extraction
INFO:root:Commit Extraction Complete
INFO:root:Start Writing Commit History Table for training.github.com
INFO:root:Commit History Table Written
INFO:root:Starting Inactivity Computation for training.github.com
INFO:root:Inactivity Computation Done
INFO:root:Commit Extraction for specta
INFO:root:Initializing Extraction
INFO:root:Starting New Extraction
INFO:root:Commit Extraction Complete
INFO:root:Start Writing Commit History Table for specta
INFO:root:Commit History Table Written
INFO:root:Starting Inactivity Computation for specta
INFO:root:Inactivity Computation Done
INFO:root:Commit Extraction for taps
INFO:root:Initializing Extraction
INFO:root:Starting New Extraction
INFO:root:Commit Extraction Complete
INFO:root:Start Writing Commit History Table for taps
INFO:root:Commit History Table Written
INFO:root:Starting Inactivity Computation for taps
INFO:root:Inactivity Computation Done
INFO:root:Commit Extraction for teach.github.com
INFO:root:Initializing Extraction
INFO:root:Starting New Extraction
INFO:root:Commit Extraction Complete
INFO:root:Start Writing Commit History Table for teach.github.com
INFO:root:Commit History Table Written
INFO:root:Starting Inactivity Computation for teach.github.com
INFO:root:Inactivity Computation Done
INFO:root:Commit Extraction for objective-c-style-guide
INFO:root:Initializing Extraction
INFO:root:Starting New Extraction
INFO:root:Commit Extraction Complete
INFO:root:Start Writing Commit History Table for objective-c-style-guide
INFO:root:Commit History Table Written
INFO:root:Starting Inactivity Computation for objective-c-style-guide
INFO:root:Inactivity Computation Done
INFO:root:Commit Extraction for resque
INFO:root:Initializing Extraction
INFO:root:Starting New Extraction
INFO:root:Commit Extraction Complete
INFO:root:Start Writing Commit History Table for resque
INFO:root:Commit History Table Written
INFO:root:Starting Inactivity Computation for resque
INFO:root:Inactivity Computation Done
INFO:root:Commit Extraction for elastomer-client
INFO:root:Initializing Extraction
INFO:root:Starting New Extraction
INFO:root:Commit Extraction Complete
INFO:root:Start Writing Commit History Table for elastomer-client
INFO:root:Commit History Table Written
INFO:root:Starting Inactivity Computation for elastomer-client
INFO:root:Inactivity Computation Done
INFO:root:Commit Extraction for Archimedes
INFO:root:Initializing Extraction
INFO:root:Starting New Extraction
INFO:root:Commit Extraction Complete
INFO:root:Start Writing Commit History Table for Archimedes
INFO:root:Commit History Table Written
INFO:root:Starting Inactivity Computation for Archimedes
INFO:root:Inactivity Computation Done
INFO:root:Commit Extraction for OHHTTPStubs
INFO:root:Initializing Extraction
INFO:root:Starting New Extraction
INFO:root:Commit Extraction Complete
INFO:root:Start Writing Commit History Table for OHHTTPStubs
INFO:root:Commit History Table Written
INFO:root:Starting Inactivity Computation for OHHTTPStubs
INFO:root:Inactivity Computation Done
INFO:root:Commit Extraction for secure_headers
INFO:root:Initializing Extraction
INFO:root:Starting New Extraction
INFO:root:Commit Extraction Complete
INFO:root:Start Writing Commit History Table for secure_headers
INFO:root:Commit History Table Written
INFO:root:Starting Inactivity Computation for secure_headers
INFO:root:Inactivity Computation Done
INFO:root:Commit Extraction for MASPreferences
INFO:root:Initializing Extraction
INFO:root:Starting New Extraction
INFO:root:Commit Extraction Complete
INFO:root:Start Writing Commit History Table for MASPreferences
INFO:root:Commit History Table Written
INFO:root:Starting Inactivity Computation for MASPreferences
INFO:root:Inactivity Computation Done
INFO:root:Commit Extraction for aws-s3
INFO:root:Initializing Extraction
INFO:root:Starting New Extraction
INFO:root:Commit Extraction Complete
INFO:root:Start Writing Commit History Table for aws-s3
INFO:root:Commit History Table Written
INFO:root:Starting Inactivity Computation for aws-s3
INFO:root:Inactivity Computation Done
INFO:root:Commit Extraction for brakeman
INFO:root:Initializing Extraction
INFO:root:Starting New Extraction
INFO:root:Commit Extraction Complete
INFO:root:Start Writing Commit History Table for brakeman
INFO:root:Commit History Table Written
INFO:root:Starting Inactivity Computation for brakeman
INFO:root:Inactivity Computation Done
INFO:root:Commit Extraction for ruby-thecodeshop
INFO:root:Initializing Extraction
INFO:root:Starting New Extraction
INFO:root:Commit Extraction Complete
INFO:root:Start Writing Commit History Table for ruby-thecodeshop
INFO:root:Commit History Table Written
INFO:root:Starting Inactivity Computation for ruby-thecodeshop
INFO:root:Inactivity Computation Done
INFO:root:Commit Extraction for banana_phone
INFO:root:Initializing Extraction
INFO:root:Starting New Extraction
INFO:root:Commit Extraction Complete
INFO:root:Start Writing Commit History Table for banana_phone
INFO:root:Commit History Table Written
INFO:root:Starting Inactivity Computation for banana_phone
INFO:root:Inactivity Computation Done
INFO:root:Commit Extraction for dat-science
INFO:root:Initializing Extraction
INFO:root:Starting New Extraction
INFO:root:Commit Extraction Complete
INFO:root:Start Writing Commit History Table for dat-science
INFO:root:Commit History Table Written
INFO:root:Starting Inactivity Computation for dat-science
INFO:root:Inactivity Computation Done
INFO:root:Commit Extraction for platform-samples
INFO:root:Initializing Extraction
INFO:root:Starting New Extraction
INFO:root:Commit Extraction Complete
INFO:root:Start Writing Commit History Table for platform-samples
INFO:root:Commit History Table Written
INFO:root:Starting Inactivity Computation for platform-samples
INFO:root:Inactivity Computation Done
INFO:root:Commit Extraction for faceup
INFO:root:Initializing Extraction
INFO:root:Starting New Extraction
INFO:root:Commit Extraction Complete
INFO:root:No Commits for faceup
INFO:root:Commit Extraction for task_list
INFO:root:Initializing Extraction
INFO:root:Starting New Extraction
INFO:root:Commit Extraction Complete
INFO:root:Start Writing Commit History Table for task_list
INFO:root:Commit History Table Written
INFO:root:Starting Inactivity Computation for task_list
INFO:root:Inactivity Computation Done
INFO:root:Commit Extraction for puppet-aptmirror
INFO:root:Initializing Extraction
INFO:root:Starting New Extraction
INFO:root:Commit Extraction Complete
INFO:root:Start Writing Commit History Table for puppet-aptmirror
INFO:root:Commit History Table Written
INFO:root:Starting Inactivity Computation for puppet-aptmirror
INFO:root:Inactivity Computation Done
INFO:root:Commit Extraction for omniauth
INFO:root:Initializing Extraction
INFO:root:Starting New Extraction
INFO:root:Commit Extraction Complete
INFO:root:Start Writing Commit History Table for omniauth
INFO:root:Commit History Table Written
INFO:root:Starting Inactivity Computation for omniauth
INFO:root:Inactivity Computation Done
INFO:root:Commit Extraction for dat-analysis
INFO:root:Initializing Extraction
INFO:root:Starting New Extraction
INFO:root:Commit Extraction Complete
INFO:root:Start Writing Commit History Table for dat-analysis
INFO:root:Commit History Table Written
INFO:root:Starting Inactivity Computation for dat-analysis
INFO:root:Inactivity Computation Done
INFO:root:Commit Extraction for puppetlabs-puppet
INFO:root:Initializing Extraction
INFO:root:Starting New Extraction
INFO:root:Commit Extraction Complete
INFO:root:Start Writing Commit History Table for puppetlabs-puppet
INFO:root:Commit History Table Written
INFO:root:Starting Inactivity Computation for puppetlabs-puppet
INFO:root:Inactivity Computation Done
INFO:root:Commit Extraction for puppetlabs-puppetdb
INFO:root:Initializing Extraction
INFO:root:Starting New Extraction
INFO:root:Commit Extraction Complete
INFO:root:Start Writing Commit History Table for puppetlabs-puppetdb
INFO:root:Commit History Table Written
INFO:root:Starting Inactivity Computation for puppetlabs-puppetdb
INFO:root:Inactivity Computation Done
INFO:root:Commit Extraction for mime-types
INFO:root:Initializing Extraction
INFO:root:Starting New Extraction
INFO:root:Commit Extraction Complete
INFO:root:Start Writing Commit History Table for mime-types
INFO:root:Commit History Table Written
INFO:root:Starting Inactivity Computation for mime-types
INFO:root:Inactivity Computation Done
INFO:root:Commit Extraction for github-ldap
INFO:root:Initializing Extraction
INFO:root:Starting New Extraction
INFO:root:Commit Extraction Complete
INFO:root:Start Writing Commit History Table for github-ldap
INFO:root:Commit History Table Written
INFO:root:Starting Inactivity Computation for github-ldap
INFO:root:Inactivity Computation Done
INFO:root:Commit Extraction for choosealicense.com
INFO:root:Initializing Extraction
INFO:root:Starting New Extraction
INFO:root:Commit Extraction Complete
INFO:root:Start Writing Commit History Table for choosealicense.com
INFO:root:Commit History Table Written
INFO:root:Starting Inactivity Computation for choosealicense.com
INFO:root:Inactivity Computation Done
INFO:root:Commit Extraction for django-floppyforms
INFO:root:Initializing Extraction
INFO:root:Starting New Extraction
INFO:root:Commit Extraction Complete
INFO:root:Start Writing Commit History Table for django-floppyforms
INFO:root:Commit History Table Written
INFO:root:Starting Inactivity Computation for django-floppyforms
INFO:root:Inactivity Computation Done
INFO:root:Commit Extraction for ssziparchive
INFO:root:Initializing Extraction
INFO:root:Starting New Extraction
INFO:root:Commit Extraction Complete
INFO:root:Start Writing Commit History Table for ssziparchive
INFO:root:Commit History Table Written
INFO:root:Starting Inactivity Computation for ssziparchive
INFO:root:Inactivity Computation Done
INFO:root:Commit Extraction for ruby
INFO:root:Initializing Extraction
INFO:root:Starting New Extraction
