INFO:root:Commit Extraction Started for JabRef.
INFO:root:Commit Extraction for jabref
INFO:root:Initializing Extraction
INFO:root:Starting New Extraction
INFO:root:Commit Extraction Complete
INFO:root:Start Writing Commit History Table for jabref
INFO:root:Commit History Table Written
INFO:root:Starting Inactivity Computation for jabref
INFO:root:Inactivity Computation Done
INFO:root:Commit Extraction for CrossRefX
INFO:root:Initializing Extraction
INFO:root:Starting New Extraction
WARNING:root:Github Exception 400: Returned object contains no URL. SHA: 59bdb11aca25929d74eb21f016b78588adc3a53a
INFO:root:Resuming Extraction
INFO:root:Commit Extraction Complete
INFO:root:Start Writing Commit History Table for CrossRefX
INFO:root:Commit History Table Written
INFO:root:Starting Inactivity Computation for CrossRefX
INFO:root:Inactivity Computation Done
INFO:root:Commit Extraction for popeye
INFO:root:Initializing Extraction
INFO:root:Starting New Extraction
INFO:root:Commit Extraction Complete
INFO:root:Start Writing Commit History Table for popeye
INFO:root:Commit History Table Written
INFO:root:Starting Inactivity Computation for popeye
INFO:root:Inactivity Computation Done
INFO:root:Commit Extraction for jpfcodegen
INFO:root:Initializing Extraction
INFO:root:Starting New Extraction
INFO:root:Commit Extraction Complete
INFO:root:Start Writing Commit History Table for jpfcodegen
INFO:root:Commit History Table Written
INFO:root:Starting Inactivity Computation for jpfcodegen
INFO:root:Inactivity Computation Done
INFO:root:Commit Extraction for net.sf.jabref.export.xml
INFO:root:Initializing Extraction
INFO:root:Starting New Extraction
INFO:root:Commit Extraction Complete
INFO:root:Start Writing Commit History Table for net.sf.jabref.export.xml
INFO:root:Commit History Table Written
INFO:root:Starting Inactivity Computation for net.sf.jabref.export.xml
INFO:root:Inactivity Computation Done
INFO:root:Commit Extraction for JabRef-Browser-Extension
INFO:root:Initializing Extraction
INFO:root:Starting New Extraction
INFO:root:Commit Extraction Complete
INFO:root:Start Writing Commit History Table for JabRef-Browser-Extension
INFO:root:Commit History Table Written
INFO:root:Starting Inactivity Computation for JabRef-Browser-Extension
INFO:root:Inactivity Computation Done
INFO:root:Commit Extraction for abbrv.jabref.org
INFO:root:Initializing Extraction
INFO:root:Starting New Extraction
INFO:root:Commit Extraction Complete
INFO:root:Start Writing Commit History Table for abbrv.jabref.org
INFO:root:Commit History Table Written
INFO:root:Starting Inactivity Computation for abbrv.jabref.org
INFO:root:Inactivity Computation Done
INFO:root:Commit Extraction for htdocs
INFO:root:Initializing Extraction
INFO:root:Starting New Extraction
INFO:root:Commit Extraction Complete
INFO:root:Start Writing Commit History Table for htdocs
INFO:root:Commit History Table Written
INFO:root:Starting Inactivity Computation for htdocs
INFO:root:Inactivity Computation Done
INFO:root:Commit Extraction for SoJa
INFO:root:Initializing Extraction
INFO:root:Starting New Extraction
INFO:root:Commit Extraction Complete
INFO:root:Start Writing Commit History Table for SoJa
INFO:root:Commit History Table Written
INFO:root:Starting Inactivity Computation for SoJa
INFO:root:Inactivity Computation Done
INFO:root:Commit Extraction for com.jgoodies.uif_lite
INFO:root:Initializing Extraction
INFO:root:Starting New Extraction
INFO:root:Commit Extraction Complete
INFO:root:Start Writing Commit History Table for com.jgoodies.uif_lite
INFO:root:Commit History Table Written
INFO:root:Starting Inactivity Computation for com.jgoodies.uif_lite
INFO:root:Inactivity Computation Done
INFO:root:Commit Extraction for manuals.jabref.org
INFO:root:Initializing Extraction
INFO:root:Starting New Extraction
INFO:root:Commit Extraction Complete
INFO:root:Start Writing Commit History Table for manuals.jabref.org
INFO:root:Commit History Table Written
INFO:root:Starting Inactivity Computation for manuals.jabref.org
INFO:root:Inactivity Computation Done
INFO:root:Commit Extraction for JabRef4Word
INFO:root:Initializing Extraction
INFO:root:Starting New Extraction
INFO:root:Commit Extraction Complete
INFO:root:Start Writing Commit History Table for JabRef4Word
INFO:root:Commit History Table Written
INFO:root:Starting Inactivity Computation for JabRef4Word
INFO:root:Inactivity Computation Done
INFO:root:Commit Extraction for cloudref
INFO:root:Initializing Extraction
INFO:root:Starting New Extraction
INFO:root:Commit Extraction Complete
INFO:root:Start Writing Commit History Table for cloudref
INFO:root:Commit History Table Written
INFO:root:Starting Inactivity Computation for cloudref
INFO:root:Inactivity Computation Done
INFO:root:Commit Extraction for JabCon
INFO:root:Initializing Extraction
INFO:root:Starting New Extraction
INFO:root:Commit Extraction Complete
INFO:root:Start Writing Commit History Table for JabCon
INFO:root:Commit History Table Written
INFO:root:Starting Inactivity Computation for JabCon
INFO:root:Inactivity Computation Done
INFO:root:Commit Extraction for custom-imports
INFO:root:Initializing Extraction
INFO:root:Starting New Extraction
INFO:root:Commit Extraction Complete
INFO:root:Start Writing Commit History Table for custom-imports
INFO:root:Commit History Table Written
INFO:root:Starting Inactivity Computation for custom-imports
INFO:root:Inactivity Computation Done
INFO:root:Commit Extraction for www.jabref.org
INFO:root:Initializing Extraction
INFO:root:Starting New Extraction
INFO:root:Commit Extraction Complete
INFO:root:Start Writing Commit History Table for www.jabref.org
INFO:root:Commit History Table Written
INFO:root:Starting Inactivity Computation for www.jabref.org
INFO:root:Inactivity Computation Done
INFO:root:Commit Extraction for user-documentation
INFO:root:Initializing Extraction
INFO:root:Starting New Extraction
INFO:root:Commit Extraction Complete
INFO:root:Start Writing Commit History Table for user-documentation
INFO:root:Commit History Table Written
INFO:root:Starting Inactivity Computation for user-documentation
INFO:root:Inactivity Computation Done
INFO:root:Commit Extraction for blog.jabref.org
INFO:root:Initializing Extraction
INFO:root:Starting New Extraction
INFO:root:Commit Extraction Complete
INFO:root:Start Writing Commit History Table for blog.jabref.org
INFO:root:Commit History Table Written
INFO:root:Starting Inactivity Computation for blog.jabref.org
INFO:root:Inactivity Computation Done
INFO:root:Commit Extraction for faq.jabref.org
INFO:root:Initializing Extraction
INFO:root:Starting New Extraction
INFO:root:Commit Extraction Complete
INFO:root:Start Writing Commit History Table for faq.jabref.org
INFO:root:Commit History Table Written
INFO:root:Starting Inactivity Computation for faq.jabref.org
INFO:root:Inactivity Computation Done
INFO:root:Commit Extraction for issues.jabref.org
INFO:root:Initializing Extraction
INFO:root:Starting New Extraction
INFO:root:Commit Extraction Complete
INFO:root:Start Writing Commit History Table for issues.jabref.org
INFO:root:Commit History Table Written
INFO:root:Starting Inactivity Computation for issues.jabref.org
INFO:root:Inactivity Computation Done
INFO:root:Commit Extraction for code.jabref.org
INFO:root:Initializing Extraction
INFO:root:Starting New Extraction
INFO:root:Commit Extraction Complete
INFO:root:Start Writing Commit History Table for code.jabref.org
INFO:root:Commit History Table Written
INFO:root:Starting Inactivity Computation for code.jabref.org
INFO:root:Inactivity Computation Done
INFO:root:Commit Extraction for donations.jabref.org
INFO:root:Initializing Extraction
INFO:root:Starting New Extraction
INFO:root:Commit Extraction Complete
INFO:root:Start Writing Commit History Table for donations.jabref.org
INFO:root:Commit History Table Written
INFO:root:Starting Inactivity Computation for donations.jabref.org
INFO:root:Inactivity Computation Done
INFO:root:Commit Extraction for downloads.jabref.org
INFO:root:Initializing Extraction
INFO:root:Starting New Extraction
INFO:root:Commit Extraction Complete
INFO:root:Start Writing Commit History Table for downloads.jabref.org
INFO:root:Commit History Table Written
INFO:root:Starting Inactivity Computation for downloads.jabref.org
INFO:root:Inactivity Computation Done
INFO:root:Commit Extraction for jstyles.jabref.org
INFO:root:Initializing Extraction
INFO:root:Starting New Extraction
INFO:root:Commit Extraction Complete
INFO:root:Start Writing Commit History Table for jstyles.jabref.org
INFO:root:Commit History Table Written
INFO:root:Starting Inactivity Computation for jstyles.jabref.org
INFO:root:Inactivity Computation Done
INFO:root:Commit Extraction for layouts.jabref.org
INFO:root:Initializing Extraction
INFO:root:Starting New Extraction
INFO:root:Commit Extraction Complete
INFO:root:Start Writing Commit History Table for layouts.jabref.org
INFO:root:Commit History Table Written
INFO:root:Starting Inactivity Computation for layouts.jabref.org
INFO:root:Inactivity Computation Done
INFO:root:Commit Extraction for EndNode-JabRef-filters
INFO:root:Initializing Extraction
INFO:root:Starting New Extraction
INFO:root:Commit Extraction Complete
INFO:root:Start Writing Commit History Table for EndNode-JabRef-filters
INFO:root:Commit History Table Written
INFO:root:Starting Inactivity Computation for EndNode-JabRef-filters
INFO:root:Inactivity Computation Done
INFO:root:Commit Extraction for scimappr
INFO:root:Initializing Extraction
INFO:root:Starting New Extraction
INFO:root:Commit Extraction Complete
INFO:root:Start Writing Commit History Table for scimappr
INFO:root:Commit History Table Written
INFO:root:Starting Inactivity Computation for scimappr
INFO:root:Inactivity Computation Done
INFO:root:Commit Extraction for org.jabref.gui.customjfx.support
INFO:root:Initializing Extraction
INFO:root:Starting New Extraction
INFO:root:Commit Extraction Complete
INFO:root:Start Writing Commit History Table for org.jabref.gui.customjfx.support
INFO:root:Commit History Table Written
INFO:root:Starting Inactivity Computation for org.jabref.gui.customjfx.support
INFO:root:Inactivity Computation Done
INFO:root:Commit Extraction for contribute.jabref.org
INFO:root:Initializing Extraction
INFO:root:Starting New Extraction
INFO:root:Commit Extraction Complete
INFO:root:Start Writing Commit History Table for contribute.jabref.org
INFO:root:Commit History Table Written
INFO:root:Starting Inactivity Computation for contribute.jabref.org
INFO:root:Inactivity Computation Done
INFO:root:Commit Extraction for afterburner.fx
INFO:root:Initializing Extraction
INFO:root:Starting New Extraction
INFO:root:Commit Extraction Complete
INFO:root:Start Writing Commit History Table for afterburner.fx
INFO:root:Commit History Table Written
INFO:root:Starting Inactivity Computation for afterburner.fx
INFO:root:Inactivity Computation Done
INFO:root:Commit Extraction for docker-javafx
INFO:root:Initializing Extraction
INFO:root:Starting New Extraction
INFO:root:Commit Extraction Complete
INFO:root:Start Writing Commit History Table for docker-javafx
INFO:root:Commit History Table Written
INFO:root:Starting Inactivity Computation for docker-javafx
INFO:root:Inactivity Computation Done
INFO:root:Commit Extraction for 2018-UserStudy
INFO:root:Initializing Extraction
INFO:root:Starting New Extraction
INFO:root:Commit Extraction Complete
INFO:root:Start Writing Commit History Table for 2018-UserStudy
INFO:root:Commit History Table Written
INFO:root:Starting Inactivity Computation for 2018-UserStudy
INFO:root:Inactivity Computation Done
INFO:root:Commit Extraction for hacktoberfest-contributor-overview-generator
INFO:root:Initializing Extraction
INFO:root:Starting New Extraction
INFO:root:Commit Extraction Complete
INFO:root:Start Writing Commit History Table for hacktoberfest-contributor-overview-generator
INFO:root:Commit History Table Written
INFO:root:Starting Inactivity Computation for hacktoberfest-contributor-overview-generator
INFO:root:Inactivity Computation Done
INFO:root:Commit Extraction for translate.jabref.org
INFO:root:Initializing Extraction
INFO:root:Starting New Extraction
INFO:root:Commit Extraction Complete
INFO:root:No Commits for translate.jabref.org
INFO:root:Commit Extraction for themes.jabref.org
INFO:root:Initializing Extraction
INFO:root:Starting New Extraction
INFO:root:Commit Extraction Complete
INFO:root:No Commits for themes.jabref.org
INFO:root:Commit Extraction for JabRefOnline
INFO:root:Initializing Extraction
INFO:root:Starting New Extraction
INFO:root:Commit Extraction Complete
INFO:root:No Commits for JabRefOnline
INFO:root:Commit Extraction for JabRef-Word-Addin
INFO:root:Initializing Extraction
INFO:root:Starting New Extraction
INFO:root:Commit Extraction Complete
INFO:root:No Commits for JabRef-Word-Addin
INFO:root:Commit Extraction for help.jabref.org
INFO:root:Initializing Extraction
INFO:root:Starting New Extraction
INFO:root:Commit Extraction Complete
INFO:root:No Commits for help.jabref.org
INFO:root:Commit Extraction for icu
INFO:root:Initializing Extraction
INFO:root:Starting New Extraction
INFO:root:Commit Extraction Complete
INFO:root:No Commits for icu
INFO:root:Commit Extraction for EasyBind
INFO:root:Initializing Extraction
INFO:root:Starting New Extraction
INFO:root:Commit Extraction Complete
INFO:root:No Commits for EasyBind
INFO:root:Commit Extraction for jdk
INFO:root:Initializing Extraction
INFO:root:Starting New Extraction
INFO:root:Commit Extraction Complete
INFO:root:No Commits for jdk
INFO:root:Commit Extraction for jfxcentral-data
INFO:root:Initializing Extraction
INFO:root:Starting New Extraction
INFO:root:Commit Extraction Complete
INFO:root:No Commits for jfxcentral-data
INFO:root:Commit Extraction for jdk21
INFO:root:Initializing Extraction
INFO:root:Starting New Extraction
INFO:root:Commit Extraction Complete
INFO:root:No Commits for jdk21
INFO:root:Commit Extraction for verein.jabref.org
INFO:root:Initializing Extraction
INFO:root:Starting New Extraction
INFO:root:Commit Extraction Complete
INFO:root:No Commits for verein.jabref.org
INFO:root:Commit Extraction COMPLETE for 43 of 43 Side Projects
INFO:root:Merging the Commits in the WHOLE JabRef Organization
INFO:root:All the Organization commits have been merged with 
INFO:root:Commit History Table Written
INFO:root:Inactivity Computation Done
INFO:root:Commit Extraction SUCCESSFULLY COMPLETED
